--------------------
/home/lgm/tmp/demo/code/zlib/zlib-1.2.11/configure --prefix=/home/lgm/tmp/demo/code/zlib/install/
Wed Feb 22 20:24:32 CST 2017
Checking for gcc...
=== ztest30083.c ===
extern int getchar();
int hello() {return getchar();}
===
gcc -c ztest30083.c
... using gcc

Checking for obsessive-compulsive compiler options...
=== ztest30083.c ===
int foo() { return 0; }
===
gcc -c -I ztest30083.c
gcc: fatal error: no input files
compilation terminated.
(exit code 4)
Compiler error reporting is too harsh for /home/lgm/tmp/demo/code/zlib/zlib-1.2.11/configure (perhaps remove -Werror).
** /home/lgm/tmp/demo/code/zlib/zlib-1.2.11/configure aborting.
--------------------


--------------------
/home/lgm/tmp/demo/code/zlib/zlib-1.2.11/configure --prefix=/home/lgm/tmp/demo/code/zlib/install/
Wed Feb 22 20:25:04 CST 2017
Checking for gcc...
=== ztest30165.c ===
extern int getchar();
int hello() {return getchar();}
===
gcc -c ztest30165.c
... using gcc

Checking for obsessive-compulsive compiler options...
=== ztest30165.c ===
int foo() { return 0; }
===
gcc -c -I ztest30165.c
gcc: fatal error: no input files
compilation terminated.
(exit code 4)
Compiler error reporting is too harsh for /home/lgm/tmp/demo/code/zlib/zlib-1.2.11/configure (perhaps remove -Werror).
** /home/lgm/tmp/demo/code/zlib/zlib-1.2.11/configure aborting.
--------------------


--------------------
/home/lgm/tmp/demo/code/zlib/zlib-1.2.11/configure --prefix=/home/lgm/tmp/demo/code/zlib/install/
Wed Feb 22 20:28:12 CST 2017
Checking for gcc...
=== ztest30533.c ===
extern int getchar();
int hello() {return getchar();}
===
gcc -c ztest30533.c
... using gcc

Checking for obsessive-compulsive compiler options...
=== ztest30533.c ===
int foo() { return 0; }
===
gcc -c -I ztest30533.c
gcc: fatal error: no input files
compilation terminated.
(exit code 4)
Compiler error reporting is too harsh for /home/lgm/tmp/demo/code/zlib/zlib-1.2.11/configure (perhaps remove -Werror).
** /home/lgm/tmp/demo/code/zlib/zlib-1.2.11/configure aborting.
--------------------


--------------------
./configure --prefix=/home/lgm/tmp/demo/code/zlib/install
Wed Feb 22 20:36:11 CST 2017
Checking for gcc...
=== ztest31626.c ===
extern int getchar();
int hello() {return getchar();}
===
gcc -c ztest31626.c
... using gcc

Checking for obsessive-compulsive compiler options...
=== ztest31626.c ===
int foo() { return 0; }
===
gcc -c -O3 ztest31626.c

Checking for shared library support...
=== ztest31626.c ===
extern int getchar();
int hello() {return getchar();}
===
gcc -w -c -O3 -fPIC ztest31626.c
gcc -shared -Wl,-soname,libz.so.1,--version-script,zlib.map -O3 -fPIC -o ztest31626.so ztest31626.o
Building shared library libz.so.1.2.11 with gcc.

=== ztest31626.c ===
#include <stdio.h>
#include <stdlib.h>
size_t dummy = 0;
===
gcc -c -O3 ztest31626.c
Checking for size_t... Yes.


=== ztest31626.c ===
#include <sys/types.h>
off64_t dummy = 0;
===
gcc -c -O3 -D_LARGEFILE64_SOURCE=1 ztest31626.c
Checking for off64_t... Yes.
Checking for fseeko... Yes.

=== ztest31626.c ===
#include <string.h>
#include <errno.h>
int main() { return strlen(strerror(errno)); }
===
gcc -O3 -D_LARGEFILE64_SOURCE=1 -o ztest31626 ztest31626.c
Checking for strerror... Yes.

=== ztest31626.c ===
#include <unistd.h>
int main() { return 0; }
===
gcc -c -O3 -D_LARGEFILE64_SOURCE=1 ztest31626.c
Checking for unistd.h... Yes.

=== ztest31626.c ===
#include <stdarg.h>
int main() { return 0; }
===
gcc -c -O3 -D_LARGEFILE64_SOURCE=1 ztest31626.c
Checking for stdarg.h... Yes.

=== ztest31626.c ===
#include <stdio.h>
#include <stdarg.h>
#include "zconf.h"
int main()
{
#ifndef STDC
  choke me
#endif
  return 0;
}
===
gcc -c -O3 -D_LARGEFILE64_SOURCE=1 ztest31626.c
Checking whether to use vs[n]printf() or s[n]printf()... using vs[n]printf().

=== ztest31626.c ===
#include <stdio.h>
#include <stdarg.h>
int mytest(const char *fmt, ...)
{
  char buf[20];
  va_list ap;
  va_start(ap, fmt);
  vsnprintf(buf, sizeof(buf), fmt, ap);
  va_end(ap);
  return 0;
}
int main()
{
  return (mytest("Hello%d\n", 1));
}
===
gcc -O3 -D_LARGEFILE64_SOURCE=1 -o ztest31626 ztest31626.c
Checking for vsnprintf() in stdio.h... Yes.

=== ztest31626.c ===
#include <stdio.h>
#include <stdarg.h>
int mytest(const char *fmt, ...)
{
  int n;
  char buf[20];
  va_list ap;
  va_start(ap, fmt);
  n = vsnprintf(buf, sizeof(buf), fmt, ap);
  va_end(ap);
  return n;
}
int main()
{
  return (mytest("Hello%d\n", 1));
}
===
gcc -c -O3 -D_LARGEFILE64_SOURCE=1 ztest31626.c
Checking for return value of vsnprintf()... Yes.

=== ztest31626.c ===
#define ZLIB_INTERNAL __attribute__((visibility ("hidden")))
int ZLIB_INTERNAL foo;
int main()
{
  return 0;
}
===
gcc -c -O3 -D_LARGEFILE64_SOURCE=1 ztest31626.c
Checking for attribute(visibility) support... Yes.

ALL = static shared all64
AR = ar
ARFLAGS = rc
CC = gcc
CFLAGS = -O3 -D_LARGEFILE64_SOURCE=1 -DHAVE_HIDDEN
CPP = gcc -E
EXE =
LDCONFIG = ldconfig
LDFLAGS =
LDSHARED = gcc -shared -Wl,-soname,libz.so.1,--version-script,zlib.map
LDSHAREDLIBC = -lc
OBJC = $(OBJZ) $(OBJG)
PIC_OBJC = $(PIC_OBJZ) $(PIC_OBJG)
RANLIB = ranlib
SFLAGS = -O3 -fPIC -D_LARGEFILE64_SOURCE=1 -DHAVE_HIDDEN
SHAREDLIB = libz.so
SHAREDLIBM = libz.so.1
SHAREDLIBV = libz.so.1.2.11
STATICLIB = libz.a
TEST = all teststatic testshared test64
VER = 1.2.11
Z_U4 =
SRCDIR =
exec_prefix = ${prefix}
includedir = ${prefix}/include
libdir = ${exec_prefix}/lib
mandir = ${prefix}/share/man
prefix = /home/lgm/tmp/demo/code/zlib/install
sharedlibdir = ${libdir}
uname = Linux
--------------------


--------------------
./configure --prefix=/home/lgm/tmp/demo/code/zlib/install CC=/opt/hisi-linux-3518e/x86-arm/arm-hisiv300-linux/bin/arm-hisiv300-linux-uclibcgnueabi-gcc
Wed Feb 22 20:37:06 CST 2017
unknown option: CC=/opt/hisi-linux-3518e/x86-arm/arm-hisiv300-linux/bin/arm-hisiv300-linux-uclibcgnueabi-gcc
./configure --help for help
** ./configure aborting.
--------------------


--------------------
./configure --prefix=/home/lgm/tmp/demo/code/zlib/install CC=/opt/hisi-linux-3518e/x86-arm/arm-hisiv300-linux/bin/arm-hisiv300-linux-uclibcgnueabi-
Wed Feb 22 20:37:09 CST 2017
unknown option: CC=/opt/hisi-linux-3518e/x86-arm/arm-hisiv300-linux/bin/arm-hisiv300-linux-uclibcgnueabi-
./configure --help for help
** ./configure aborting.
--------------------


--------------------
./configure --prefix=/home/lgm/tmp/demo/code/zlib/install
Wed Feb 22 20:37:32 CST 2017
=== ztest31884.c ===
extern int getchar();
int hello() {return getchar();}
===
/opt/hisi-linux-3518e/x86-arm/arm-hisiv300-linux/bin/arm-hisiv300-linux-uclibcgnueabi-gcc -c ztest31884.c
... using gcc

Checking for obsessive-compulsive compiler options...
=== ztest31884.c ===
int foo() { return 0; }
===
/opt/hisi-linux-3518e/x86-arm/arm-hisiv300-linux/bin/arm-hisiv300-linux-uclibcgnueabi-gcc -c -O3 ztest31884.c

Checking for shared library support...
=== ztest31884.c ===
extern int getchar();
int hello() {return getchar();}
===
/opt/hisi-linux-3518e/x86-arm/arm-hisiv300-linux/bin/arm-hisiv300-linux-uclibcgnueabi-gcc -w -c -O3 -fPIC ztest31884.c
/opt/hisi-linux-3518e/x86-arm/arm-hisiv300-linux/bin/arm-hisiv300-linux-uclibcgnueabi-gcc -shared -Wl,-soname,libz.so.1,--version-script,zlib.map -O3 -fPIC -o ztest31884.so ztest31884.o
Building shared library libz.so.1.2.11 with /opt/hisi-linux-3518e/x86-arm/arm-hisiv300-linux/bin/arm-hisiv300-linux-uclibcgnueabi-gcc.

=== ztest31884.c ===
#include <stdio.h>
#include <stdlib.h>
size_t dummy = 0;
===
/opt/hisi-linux-3518e/x86-arm/arm-hisiv300-linux/bin/arm-hisiv300-linux-uclibcgnueabi-gcc -c -O3 ztest31884.c
Checking for size_t... Yes.


=== ztest31884.c ===
#include <sys/types.h>
off64_t dummy = 0;
===
/opt/hisi-linux-3518e/x86-arm/arm-hisiv300-linux/bin/arm-hisiv300-linux-uclibcgnueabi-gcc -c -O3 -D_LARGEFILE64_SOURCE=1 ztest31884.c
Checking for off64_t... Yes.
Checking for fseeko... Yes.

=== ztest31884.c ===
#include <string.h>
#include <errno.h>
int main() { return strlen(strerror(errno)); }
===
/opt/hisi-linux-3518e/x86-arm/arm-hisiv300-linux/bin/arm-hisiv300-linux-uclibcgnueabi-gcc -O3 -D_LARGEFILE64_SOURCE=1 -o ztest31884 ztest31884.c
Checking for strerror... Yes.

=== ztest31884.c ===
#include <unistd.h>
int main() { return 0; }
===
/opt/hisi-linux-3518e/x86-arm/arm-hisiv300-linux/bin/arm-hisiv300-linux-uclibcgnueabi-gcc -c -O3 -D_LARGEFILE64_SOURCE=1 ztest31884.c
Checking for unistd.h... Yes.

=== ztest31884.c ===
#include <stdarg.h>
int main() { return 0; }
===
/opt/hisi-linux-3518e/x86-arm/arm-hisiv300-linux/bin/arm-hisiv300-linux-uclibcgnueabi-gcc -c -O3 -D_LARGEFILE64_SOURCE=1 ztest31884.c
Checking for stdarg.h... Yes.

=== ztest31884.c ===
#include <stdio.h>
#include <stdarg.h>
#include "zconf.h"
int main()
{
#ifndef STDC
  choke me
#endif
  return 0;
}
===
/opt/hisi-linux-3518e/x86-arm/arm-hisiv300-linux/bin/arm-hisiv300-linux-uclibcgnueabi-gcc -c -O3 -D_LARGEFILE64_SOURCE=1 ztest31884.c
Checking whether to use vs[n]printf() or s[n]printf()... using vs[n]printf().

=== ztest31884.c ===
#include <stdio.h>
#include <stdarg.h>
int mytest(const char *fmt, ...)
{
  char buf[20];
  va_list ap;
  va_start(ap, fmt);
  vsnprintf(buf, sizeof(buf), fmt, ap);
  va_end(ap);
  return 0;
}
int main()
{
  return (mytest("Hello%d\n", 1));
}
===
/opt/hisi-linux-3518e/x86-arm/arm-hisiv300-linux/bin/arm-hisiv300-linux-uclibcgnueabi-gcc -O3 -D_LARGEFILE64_SOURCE=1 -o ztest31884 ztest31884.c
Checking for vsnprintf() in stdio.h... Yes.

=== ztest31884.c ===
#include <stdio.h>
#include <stdarg.h>
int mytest(const char *fmt, ...)
{
  int n;
  char buf[20];
  va_list ap;
  va_start(ap, fmt);
  n = vsnprintf(buf, sizeof(buf), fmt, ap);
  va_end(ap);
  return n;
}
int main()
{
  return (mytest("Hello%d\n", 1));
}
===
/opt/hisi-linux-3518e/x86-arm/arm-hisiv300-linux/bin/arm-hisiv300-linux-uclibcgnueabi-gcc -c -O3 -D_LARGEFILE64_SOURCE=1 ztest31884.c
Checking for return value of vsnprintf()... Yes.

=== ztest31884.c ===
#define ZLIB_INTERNAL __attribute__((visibility ("hidden")))
int ZLIB_INTERNAL foo;
int main()
{
  return 0;
}
===
/opt/hisi-linux-3518e/x86-arm/arm-hisiv300-linux/bin/arm-hisiv300-linux-uclibcgnueabi-gcc -c -O3 -D_LARGEFILE64_SOURCE=1 ztest31884.c
Checking for attribute(visibility) support... Yes.

ALL = static shared all64
AR = ar
ARFLAGS = rc
CC = /opt/hisi-linux-3518e/x86-arm/arm-hisiv300-linux/bin/arm-hisiv300-linux-uclibcgnueabi-gcc
CFLAGS = -O3 -D_LARGEFILE64_SOURCE=1 -DHAVE_HIDDEN
CPP = /opt/hisi-linux-3518e/x86-arm/arm-hisiv300-linux/bin/arm-hisiv300-linux-uclibcgnueabi-gcc -E
EXE =
LDCONFIG = ldconfig
LDFLAGS =
LDSHARED = /opt/hisi-linux-3518e/x86-arm/arm-hisiv300-linux/bin/arm-hisiv300-linux-uclibcgnueabi-gcc -shared -Wl,-soname,libz.so.1,--version-script,zlib.map
LDSHAREDLIBC = -lc
OBJC = $(OBJZ) $(OBJG)
PIC_OBJC = $(PIC_OBJZ) $(PIC_OBJG)
RANLIB = ranlib
SFLAGS = -O3 -fPIC -D_LARGEFILE64_SOURCE=1 -DHAVE_HIDDEN
SHAREDLIB = libz.so
SHAREDLIBM = libz.so.1
SHAREDLIBV = libz.so.1.2.11
STATICLIB = libz.a
TEST = all teststatic testshared test64
VER = 1.2.11
Z_U4 =
SRCDIR =
exec_prefix = ${prefix}
includedir = ${prefix}/include
libdir = ${exec_prefix}/lib
mandir = ${prefix}/share/man
prefix = /home/lgm/tmp/demo/code/zlib/install
sharedlibdir = ${libdir}
uname = Linux
--------------------


